<html>
<head>
<title>TestNG:  Test</title>
<link href="../testng.css" rel="stylesheet" type="text/css" />
<link href="../my-testng.css" rel="stylesheet" type="text/css" />

<style type="text/css">
.log { display: none;} 
.stack-trace { display: none;} 
</style>
<script type="text/javascript">
<!--
function flip(e) {
  current = e.style.display;
  if (current == 'block') {
    e.style.display = 'none';
    return 0;
  }
  else {
    e.style.display = 'block';
    return 1;
  }
}

function toggleBox(szDivId, elem, msg1, msg2)
{
  var res = -1;  if (document.getElementById) {
    res = flip(document.getElementById(szDivId));
  }
  else if (document.all) {
    // this is the way old msie versions work
    res = flip(document.all[szDivId]);
  }
  if(elem) {
    if(res == 0) elem.innerHTML = msg1; else elem.innerHTML = msg2;
  }

}

function toggleAllBoxes() {
  if (document.getElementsByTagName) {
    d = document.getElementsByTagName('div');
    for (i = 0; i < d.length; i++) {
      if (d[i].className == 'log') {
        flip(d[i]);
      }
    }
  }
}

// -->
</script>

</head>
<body>
<h2 align='center'>Test</h2><table border='1' align="center">
<tr>
<td>Tests passed/Failed/Skipped:</td><td>13/1/0</td>
</tr><tr>
<td>Started on:</td><td>Sat Jul 27 12:37:11 IST 2019</td>
</tr>
<tr><td>Total time:</td><td>244 seconds (244328 ms)</td>
</tr><tr>
<td>Included groups:</td><td></td>
</tr><tr>
<td>Excluded groups:</td><td></td>
</tr>
</table><p/>
<small><i>(Hover the method name to see the test class name)</i></small><p/>
<table width='100%' border='1' class='invocation-failed'>
<tr><td colspan='4' align='center'><b>FAILED TESTS</b></td></tr>
<tr><td><b>Test method</b></td>
<td width="30%"><b>Exception</b></td>
<td width="10%"><b>Time (seconds)</b></td>
<td><b>Instance</b></td>
</tr>
<tr>
<td title='com.seleniumtestngtest.mainClass.cekTransaksiPembelian()'><b>cekTransaksiPembelian</b><br>Test class: com.seleniumtestngtest.mainClass</td>
<td><div><pre>org.openqa.selenium.NoSuchElementException: Cannot locate element with text: [ B0001 ] Mouse | Rp. 50.000
For documentation on this error, please visit: http://seleniumhq.org/exceptions/no_such_element.html
Build info: version: &apos;2.53.0&apos;, revision: &apos;35ae25b1534ae328c771e0856c93e187490ca824&apos;, time: &apos;2016-03-15 10:43:46&apos;
System info: host: &apos;Dika&apos;, ip: &apos;169.254.219.208&apos;, os.name: &apos;Windows 8.1&apos;, os.arch: &apos;amd64&apos;, os.version: &apos;6.3&apos;, java.version: &apos;1.8.0_201&apos;
Driver info: driver.version: unknown
	at org.openqa.selenium.support.ui.Select.selectByVisibleText(Select.java:150)
	at com.seleniumtestngtest.transaksiPembelianBarang.transaksipembelian(transaksiPembelianBarang.java:93)
	at com.seleniumtestngtest.mainClass.cekTransaksiPembelian(mainClass.java:103)
... Removed 25 stack frames</pre></div><a href='#' onClick='toggleBox("stack-trace2044337856", this, "Click to show all stack frames", "Click to hide stack frames")'>Click to show all stack frames</a>
<div class='stack-trace' id='stack-trace2044337856'><pre>org.openqa.selenium.NoSuchElementException: Cannot locate element with text: [ B0001 ] Mouse | Rp. 50.000
For documentation on this error, please visit: http://seleniumhq.org/exceptions/no_such_element.html
Build info: version: &apos;2.53.0&apos;, revision: &apos;35ae25b1534ae328c771e0856c93e187490ca824&apos;, time: &apos;2016-03-15 10:43:46&apos;
System info: host: &apos;Dika&apos;, ip: &apos;169.254.219.208&apos;, os.name: &apos;Windows 8.1&apos;, os.arch: &apos;amd64&apos;, os.version: &apos;6.3&apos;, java.version: &apos;1.8.0_201&apos;
Driver info: driver.version: unknown
	at org.openqa.selenium.support.ui.Select.selectByVisibleText(Select.java:150)
	at com.seleniumtestngtest.transaksiPembelianBarang.transaksipembelian(transaksiPembelianBarang.java:93)
	at com.seleniumtestngtest.mainClass.cekTransaksiPembelian(mainClass.java:103)
	at sun.reflect.NativeMethodAccessorImpl.invoke0(Native Method)
	at sun.reflect.NativeMethodAccessorImpl.invoke(Unknown Source)
	at sun.reflect.DelegatingMethodAccessorImpl.invoke(Unknown Source)
	at java.lang.reflect.Method.invoke(Unknown Source)
	at org.testng.internal.MethodInvocationHelper.invokeMethod(MethodInvocationHelper.java:124)
	at org.testng.internal.Invoker.invokeMethod(Invoker.java:583)
	at org.testng.internal.Invoker.invokeTestMethod(Invoker.java:719)
	at org.testng.internal.Invoker.invokeTestMethods(Invoker.java:989)
	at org.testng.internal.TestMethodWorker.invokeTestMethods(TestMethodWorker.java:125)
	at org.testng.internal.TestMethodWorker.run(TestMethodWorker.java:109)
	at org.testng.TestRunner.privateRun(TestRunner.java:648)
	at org.testng.TestRunner.run(TestRunner.java:505)
	at org.testng.SuiteRunner.runTest(SuiteRunner.java:455)
	at org.testng.SuiteRunner.runSequentially(SuiteRunner.java:450)
	at org.testng.SuiteRunner.privateRun(SuiteRunner.java:415)
	at org.testng.SuiteRunner.run(SuiteRunner.java:364)
	at org.testng.SuiteRunnerWorker.runSuite(SuiteRunnerWorker.java:52)
	at org.testng.SuiteRunnerWorker.run(SuiteRunnerWorker.java:84)
	at org.testng.TestNG.runSuitesSequentially(TestNG.java:1208)
	at org.testng.TestNG.runSuitesLocally(TestNG.java:1137)
	at org.testng.TestNG.runSuites(TestNG.java:1049)
	at org.testng.TestNG.run(TestNG.java:1017)
	at org.testng.remote.AbstractRemoteTestNG.run(AbstractRemoteTestNG.java:115)
	at org.testng.remote.RemoteTestNG.initAndRun(RemoteTestNG.java:251)
	at org.testng.remote.RemoteTestNG.main(RemoteTestNG.java:77)
</pre></div></td>
<td>28</td>
<td>com.seleniumtestngtest.mainClass@5e5792a0</td></tr>
</table><p>
<table width='100%' border='1' class='invocation-passed'>
<tr><td colspan='4' align='center'><b>PASSED TESTS</b></td></tr>
<tr><td><b>Test method</b></td>
<td width="30%"><b>Exception</b></td>
<td width="10%"><b>Time (seconds)</b></td>
<td><b>Instance</b></td>
</tr>
<tr>
<td title='com.seleniumtestngtest.mainClass.Title()'><b>Title</b><br>Test class: com.seleniumtestngtest.mainClass</td>
<td></td>
<td>0</td>
<td>com.seleniumtestngtest.mainClass@5e5792a0</td></tr>
<tr>
<td title='com.seleniumtestngtest.mainClass.cekFormDataBarang()'><b>cekFormDataBarang</b><br>Test class: com.seleniumtestngtest.mainClass</td>
<td></td>
<td>35</td>
<td>com.seleniumtestngtest.mainClass@5e5792a0</td></tr>
<tr>
<td title='com.seleniumtestngtest.mainClass.cekFormDataKasir()'><b>cekFormDataKasir</b><br>Test class: com.seleniumtestngtest.mainClass</td>
<td></td>
<td>6</td>
<td>com.seleniumtestngtest.mainClass@5e5792a0</td></tr>
<tr>
<td title='com.seleniumtestngtest.mainClass.cekFormDataKategori()'><b>cekFormDataKategori</b><br>Test class: com.seleniumtestngtest.mainClass</td>
<td></td>
<td>3</td>
<td>com.seleniumtestngtest.mainClass@5e5792a0</td></tr>
<tr>
<td title='com.seleniumtestngtest.mainClass.cekFormDataSuplayer()'><b>cekFormDataSuplayer</b><br>Test class: com.seleniumtestngtest.mainClass</td>
<td></td>
<td>7</td>
<td>com.seleniumtestngtest.mainClass@5e5792a0</td></tr>
<tr>
<td title='com.seleniumtestngtest.mainClass.cekFormLogin()'><b>cekFormLogin</b><br>Test class: com.seleniumtestngtest.mainClass</td>
<td></td>
<td>3</td>
<td>com.seleniumtestngtest.mainClass@5e5792a0</td></tr>
<tr>
<td title='com.seleniumtestngtest.mainClass.cekLoginFailed()'><b>cekLoginFailed</b><br>Test class: com.seleniumtestngtest.mainClass</td>
<td></td>
<td>3</td>
<td>com.seleniumtestngtest.mainClass@5e5792a0</td></tr>
<tr>
<td title='com.seleniumtestngtest.mainClass.cekLoginTrue()'><b>cekLoginTrue</b><br>Test class: com.seleniumtestngtest.mainClass</td>
<td></td>
<td>2</td>
<td>com.seleniumtestngtest.mainClass@5e5792a0</td></tr>
<tr>
<td title='com.seleniumtestngtest.mainClass.cekLogout()'><b>cekLogout</b><br>Test class: com.seleniumtestngtest.mainClass</td>
<td></td>
<td>3</td>
<td>com.seleniumtestngtest.mainClass@5e5792a0</td></tr>
<tr>
<td title='com.seleniumtestngtest.mainClass.cekMenuDataBarang_CURD()'><b>cekMenuDataBarang_CURD</b><br>Test class: com.seleniumtestngtest.mainClass</td>
<td></td>
<td>8</td>
<td>com.seleniumtestngtest.mainClass@5e5792a0</td></tr>
<tr>
<td title='com.seleniumtestngtest.mainClass.cekMenuDataKasir_CURD()'><b>cekMenuDataKasir_CURD</b><br>Test class: com.seleniumtestngtest.mainClass</td>
<td></td>
<td>4</td>
<td>com.seleniumtestngtest.mainClass@5e5792a0</td></tr>
<tr>
<td title='com.seleniumtestngtest.mainClass.cekMenuDataKategori_CURD()'><b>cekMenuDataKategori_CURD</b><br>Test class: com.seleniumtestngtest.mainClass</td>
<td></td>
<td>5</td>
<td>com.seleniumtestngtest.mainClass@5e5792a0</td></tr>
<tr>
<td title='com.seleniumtestngtest.mainClass.cekMenuDataSuplayer_CURD()'><b>cekMenuDataSuplayer_CURD</b><br>Test class: com.seleniumtestngtest.mainClass</td>
<td></td>
<td>8</td>
<td>com.seleniumtestngtest.mainClass@5e5792a0</td></tr>
</table><p>
</body>
</html>