<?xml version="1.0" encoding="UTF-8"?>
<!-- Generated by org.testng.reporters.JUnitXMLReporter -->
<testsuite hostname="Dika" ignored="0" name="Test" tests="14" failures="1" timestamp="27 Jul 2019 07:11:15 GMT" time="244.328" errors="0">
  <testcase name="Title" time="0.178" classname="com.seleniumtestngtest.mainClass"/>
  <testcase name="cekLoginTrue" time="2.359" classname="com.seleniumtestngtest.mainClass"/>
  <testcase name="cekLogout" time="3.57" classname="com.seleniumtestngtest.mainClass"/>
  <testcase name="cekLoginFailed" time="3.42" classname="com.seleniumtestngtest.mainClass"/>
  <testcase name="cekFormLogin" time="3.599" classname="com.seleniumtestngtest.mainClass"/>
  <testcase name="cekMenuDataKasir_CURD" time="4.795" classname="com.seleniumtestngtest.mainClass"/>
  <testcase name="cekFormDataKasir" time="6.626" classname="com.seleniumtestngtest.mainClass"/>
  <testcase name="cekMenuDataKategori_CURD" time="5.054" classname="com.seleniumtestngtest.mainClass"/>
  <testcase name="cekFormDataKategori" time="3.285" classname="com.seleniumtestngtest.mainClass"/>
  <testcase name="cekMenuDataSuplayer_CURD" time="8.503" classname="com.seleniumtestngtest.mainClass"/>
  <testcase name="cekFormDataSuplayer" time="7.166" classname="com.seleniumtestngtest.mainClass"/>
  <testcase name="cekMenuDataBarang_CURD" time="8.994" classname="com.seleniumtestngtest.mainClass"/>
  <testcase name="cekFormDataBarang" time="35.817" classname="com.seleniumtestngtest.mainClass"/>
  <testcase name="cekTransaksiPembelian" time="28.919" classname="com.seleniumtestngtest.mainClass">
    <failure type="org.openqa.selenium.NoSuchElementException" message="Cannot locate element with text: [ B0001 ] Mouse | Rp. 50.000
For documentation on this error, please visit: http://seleniumhq.org/exceptions/no_such_element.html
Build info: version: &amp;apos;2.53.0&amp;apos;, revision: &amp;apos;35ae25b1534ae328c771e0856c93e187490ca824&amp;apos;, time: &amp;apos;2016-03-15 10:43:46&amp;apos;
System info: host: &amp;apos;Dika&amp;apos;, ip: &amp;apos;169.254.219.208&amp;apos;, os.name: &amp;apos;Windows 8.1&amp;apos;, os.arch: &amp;apos;amd64&amp;apos;, os.version: &amp;apos;6.3&amp;apos;, java.version: &amp;apos;1.8.0_201&amp;apos;
Driver info: driver.version: unknown">
      <![CDATA[org.openqa.selenium.NoSuchElementException: Cannot locate element with text: [ B0001 ] Mouse | Rp. 50.000
For documentation on this error, please visit: http://seleniumhq.org/exceptions/no_such_element.html
Build info: version: '2.53.0', revision: '35ae25b1534ae328c771e0856c93e187490ca824', time: '2016-03-15 10:43:46'
System info: host: 'Dika', ip: '169.254.219.208', os.name: 'Windows 8.1', os.arch: 'amd64', os.version: '6.3', java.version: '1.8.0_201'
Driver info: driver.version: unknown
at org.openqa.selenium.support.ui.Select.selectByVisibleText(Select.java:150)
at com.seleniumtestngtest.transaksiPembelianBarang.transaksipembelian(transaksiPembelianBarang.java:93)
at com.seleniumtestngtest.mainClass.cekTransaksiPembelian(mainClass.java:103)
... Removed 25 stack frames]]>
    </failure>
  </testcase> <!-- cekTransaksiPembelian -->
</testsuite> <!-- Test -->
